<?xml version="1.0" encoding="UTF-8"?>
<!-- Generated by org.testng.reporters.JUnitReportReporter -->
<testsuite skipped="0" hostname="DESKTOP-077G3EM" name="com.RingPay.TestScripts.RingPayTestScripts" tests="1" failures="0" timestamp="2022-10-19T15:07:15 IST" time="69.955" errors="0">
  <testcase name="User_Playstore_Flow" time="69.955" classname="com.RingPay.TestScripts.RingPayTestScripts"/>
  <system-out/>
</testsuite> <!-- com.RingPay.TestScripts.RingPayTestScripts -->
